[2021-08-16 09:06:37] production.ERROR: Not enough arguments (missing: "company"). {"exception":"[object] (Symfony\\Component\\Console\\Exception\\RuntimeException(code: 0): Not enough arguments (missing: \"company\"). at /Applications/XAMPP/xamppfiles/htdocs/akaunting-master5/vendor/symfony/console/Input/Input.php:76)
[stacktrace]
#0 /Applications/XAMPP/xamppfiles/htdocs/akaunting-master5/vendor/symfony/console/Command/Command.php(294): Symfony\\Component\\Console\\Input\\Input->validate()
#1 /Applications/XAMPP/xamppfiles/htdocs/akaunting-master5/vendor/laravel/framework/src/Illuminate/Console/Command.php(121): Symfony\\Component\\Console\\Command\\Command->run(Object(Symfony\\Component\\Console\\Input\\ArgvInput), Object(Illuminate\\Console\\OutputStyle))
#2 /Applications/XAMPP/xamppfiles/htdocs/akaunting-master5/vendor/symfony/console/Application.php(978): Illuminate\\Console\\Command->run(Object(Symfony\\Component\\Console\\Input\\ArgvInput), Object(Symfony\\Component\\Console\\Output\\ConsoleOutput))
#3 /Applications/XAMPP/xamppfiles/htdocs/akaunting-master5/vendor/symfony/console/Application.php(295): Symfony\\Component\\Console\\Application->doRunCommand(Object(App\\Console\\Commands\\CompanySeed), Object(Symfony\\Component\\Console\\Input\\ArgvInput), Object(Symfony\\Component\\Console\\Output\\ConsoleOutput))
#4 /Applications/XAMPP/xamppfiles/htdocs/akaunting-master5/vendor/symfony/console/Application.php(167): Symfony\\Component\\Console\\Application->doRun(Object(Symfony\\Component\\Console\\Input\\ArgvInput), Object(Symfony\\Component\\Console\\Output\\ConsoleOutput))
#5 /Applications/XAMPP/xamppfiles/htdocs/akaunting-master5/vendor/laravel/framework/src/Illuminate/Console/Application.php(92): Symfony\\Component\\Console\\Application->run(Object(Symfony\\Component\\Console\\Input\\ArgvInput), Object(Symfony\\Component\\Console\\Output\\ConsoleOutput))
#6 /Applications/XAMPP/xamppfiles/htdocs/akaunting-master5/vendor/laravel/framework/src/Illuminate/Foundation/Console/Kernel.php(129): Illuminate\\Console\\Application->run(Object(Symfony\\Component\\Console\\Input\\ArgvInput), Object(Symfony\\Component\\Console\\Output\\ConsoleOutput))
#7 /Applications/XAMPP/xamppfiles/htdocs/akaunting-master5/artisan(22): Illuminate\\Foundation\\Console\\Kernel->handle(Object(Symfony\\Component\\Console\\Input\\ArgvInput), Object(Symfony\\Component\\Console\\Output\\ConsoleOutput))
#8 {main}
"} 
[2021-08-16 09:06:41] production.ERROR: SQLSTATE[HY000] [2002] No such file or directory (SQL: insert into `dka_accounts` (`company_id`, `name`, `number`, `currency_code`, `bank_name`, `enabled`, `updated_at`, `created_at`) values (1, النقدية, 1, USD, النقدية, 1, 2021-08-16 09:06:41, 2021-08-16 09:06:41)) {"exception":"[object] (Illuminate\\Database\\QueryException(code: 2002): SQLSTATE[HY000] [2002] No such file or directory (SQL: insert into `dka_accounts` (`company_id`, `name`, `number`, `currency_code`, `bank_name`, `enabled`, `updated_at`, `created_at`) values (1, النقدية, 1, USD, النقدية, 1, 2021-08-16 09:06:41, 2021-08-16 09:06:41)) at /Applications/XAMPP/xamppfiles/htdocs/akaunting-master5/vendor/laravel/framework/src/Illuminate/Database/Connection.php:692)
[stacktrace]
#0 /Applications/XAMPP/xamppfiles/htdocs/akaunting-master5/vendor/laravel/framework/src/Illuminate/Database/Connection.php(652): Illuminate\\Database\\Connection->runQueryCallback('insert into `dk...', Array, Object(Closure))
#1 /Applications/XAMPP/xamppfiles/htdocs/akaunting-master5/vendor/laravel/framework/src/Illuminate/Database/Connection.php(486): Illuminate\\Database\\Connection->run('insert into `dk...', Array, Object(Closure))
#2 /Applications/XAMPP/xamppfiles/htdocs/akaunting-master5/vendor/laravel/framework/src/Illuminate/Database/Connection.php(438): Illuminate\\Database\\Connection->statement('insert into `dk...', Array)
#3 /Applications/XAMPP/xamppfiles/htdocs/akaunting-master5/vendor/laravel/framework/src/Illuminate/Database/Query/Processors/Processor.php(32): Illuminate\\Database\\Connection->insert('insert into `dk...', Array)
#4 /Applications/XAMPP/xamppfiles/htdocs/akaunting-master5/vendor/laravel/framework/src/Illuminate/Database/Query/Builder.php(2964): Illuminate\\Database\\Query\\Processors\\Processor->processInsertGetId(Object(Illuminate\\Database\\Query\\Builder), 'insert into `dk...', Array, 'id')
#5 /Applications/XAMPP/xamppfiles/htdocs/akaunting-master5/vendor/laravel/framework/src/Illuminate/Database/Eloquent/Builder.php(1617): Illuminate\\Database\\Query\\Builder->insertGetId(Array, 'id')
#6 /Applications/XAMPP/xamppfiles/htdocs/akaunting-master5/vendor/genealabs/laravel-model-caching/src/Traits/Caching.php(22): Illuminate\\Database\\Eloquent\\Builder->__call('insertGetId', Array)
#7 /Applications/XAMPP/xamppfiles/htdocs/akaunting-master5/vendor/laravel/framework/src/Illuminate/Database/Eloquent/Model.php(1123): GeneaLabs\\LaravelModelCaching\\CachedBuilder->__call('insertGetId', Array)
#8 /Applications/XAMPP/xamppfiles/htdocs/akaunting-master5/vendor/laravel/framework/src/Illuminate/Database/Eloquent/Model.php(1088): Illuminate\\Database\\Eloquent\\Model->insertAndSetId(Object(GeneaLabs\\LaravelModelCaching\\CachedBuilder), Array)
#9 /Applications/XAMPP/xamppfiles/htdocs/akaunting-master5/vendor/laravel/framework/src/Illuminate/Database/Eloquent/Model.php(929): Illuminate\\Database\\Eloquent\\Model->performInsert(Object(GeneaLabs\\LaravelModelCaching\\CachedBuilder))
#10 /Applications/XAMPP/xamppfiles/htdocs/akaunting-master5/vendor/laravel/framework/src/Illuminate/Database/Eloquent/Builder.php(871): Illuminate\\Database\\Eloquent\\Model->save()
#11 /Applications/XAMPP/xamppfiles/htdocs/akaunting-master5/vendor/laravel/framework/src/Illuminate/Support/helpers.php(263): Illuminate\\Database\\Eloquent\\Builder->Illuminate\\Database\\Eloquent\\{closure}(Object(App\\Models\\Banking\\Account))
#12 /Applications/XAMPP/xamppfiles/htdocs/akaunting-master5/vendor/laravel/framework/src/Illuminate/Database/Eloquent/Builder.php(872): tap(Object(App\\Models\\Banking\\Account), Object(Closure))
#13 /Applications/XAMPP/xamppfiles/htdocs/akaunting-master5/vendor/laravel/framework/src/Illuminate/Support/Traits/ForwardsCalls.php(23): Illuminate\\Database\\Eloquent\\Builder->create(Array)
#14 /Applications/XAMPP/xamppfiles/htdocs/akaunting-master5/vendor/laravel/framework/src/Illuminate/Database/Eloquent/Model.php(1996): Illuminate\\Database\\Eloquent\\Model->forwardCallTo(Object(GeneaLabs\\LaravelModelCaching\\CachedBuilder), 'create', Array)
#15 /Applications/XAMPP/xamppfiles/htdocs/akaunting-master5/vendor/genealabs/laravel-model-caching/src/Traits/Caching.php(22): Illuminate\\Database\\Eloquent\\Model->__call('create', Array)
#16 /Applications/XAMPP/xamppfiles/htdocs/akaunting-master5/vendor/laravel/framework/src/Illuminate/Database/Eloquent/Model.php(2008): App\\Abstracts\\Model->__call('create', Array)
#17 /Applications/XAMPP/xamppfiles/htdocs/akaunting-master5/database/seeds/Accounts.php(35): Illuminate\\Database\\Eloquent\\Model::__callStatic('create', Array)
#18 /Applications/XAMPP/xamppfiles/htdocs/akaunting-master5/database/seeds/Accounts.php(20): Database\\Seeds\\Accounts->create()
#19 /Applications/XAMPP/xamppfiles/htdocs/akaunting-master5/vendor/laravel/framework/src/Illuminate/Container/BoundMethod.php(36): Database\\Seeds\\Accounts->run()
#20 /Applications/XAMPP/xamppfiles/htdocs/akaunting-master5/vendor/laravel/framework/src/Illuminate/Container/Util.php(40): Illuminate\\Container\\BoundMethod::Illuminate\\Container\\{closure}()
#21 /Applications/XAMPP/xamppfiles/htdocs/akaunting-master5/vendor/laravel/framework/src/Illuminate/Container/BoundMethod.php(93): Illuminate\\Container\\Util::unwrapIfClosure(Object(Closure))
#22 /Applications/XAMPP/xamppfiles/htdocs/akaunting-master5/vendor/laravel/framework/src/Illuminate/Container/BoundMethod.php(37): Illuminate\\Container\\BoundMethod::callBoundMethod(Object(Illuminate\\Foundation\\Application), Array, Object(Closure))
#23 /Applications/XAMPP/xamppfiles/htdocs/akaunting-master5/vendor/laravel/framework/src/Illuminate/Container/Container.php(651): Illuminate\\Container\\BoundMethod::call(Object(Illuminate\\Foundation\\Application), Array, Array, NULL)
#24 /Applications/XAMPP/xamppfiles/htdocs/akaunting-master5/vendor/laravel/framework/src/Illuminate/Database/Seeder.php(149): Illuminate\\Container\\Container->call(Array, Array)
#25 /Applications/XAMPP/xamppfiles/htdocs/akaunting-master5/vendor/laravel/framework/src/Illuminate/Database/Seeder.php(49): Illuminate\\Database\\Seeder->__invoke(Array)
#26 /Applications/XAMPP/xamppfiles/htdocs/akaunting-master5/database/seeds/Company.php(16): Illuminate\\Database\\Seeder->call('Database\\\\Seeds\\\\...')
#27 /Applications/XAMPP/xamppfiles/htdocs/akaunting-master5/vendor/laravel/framework/src/Illuminate/Container/BoundMethod.php(36): Database\\Seeds\\Company->run()
#28 /Applications/XAMPP/xamppfiles/htdocs/akaunting-master5/vendor/laravel/framework/src/Illuminate/Container/Util.php(40): Illuminate\\Container\\BoundMethod::Illuminate\\Container\\{closure}()
#29 /Applications/XAMPP/xamppfiles/htdocs/akaunting-master5/vendor/laravel/framework/src/Illuminate/Container/BoundMethod.php(93): Illuminate\\Container\\Util::unwrapIfClosure(Object(Closure))
#30 /Applications/XAMPP/xamppfiles/htdocs/akaunting-master5/vendor/laravel/framework/src/Illuminate/Container/BoundMethod.php(37): Illuminate\\Container\\BoundMethod::callBoundMethod(Object(Illuminate\\Foundation\\Application), Array, Object(Closure))
#31 /Applications/XAMPP/xamppfiles/htdocs/akaunting-master5/vendor/laravel/framework/src/Illuminate/Container/Container.php(651): Illuminate\\Container\\BoundMethod::call(Object(Illuminate\\Foundation\\Application), Array, Array, NULL)
#32 /Applications/XAMPP/xamppfiles/htdocs/akaunting-master5/vendor/laravel/framework/src/Illuminate/Database/Seeder.php(149): Illuminate\\Container\\Container->call(Array, Array)
#33 /Applications/XAMPP/xamppfiles/htdocs/akaunting-master5/app/Console/Commands/CompanySeed.php(36): Illuminate\\Database\\Seeder->__invoke()
#34 /Applications/XAMPP/xamppfiles/htdocs/akaunting-master5/vendor/laravel/framework/src/Illuminate/Container/BoundMethod.php(36): App\\Console\\Commands\\CompanySeed->handle()
#35 /Applications/XAMPP/xamppfiles/htdocs/akaunting-master5/vendor/laravel/framework/src/Illuminate/Container/Util.php(40): Illuminate\\Container\\BoundMethod::Illuminate\\Container\\{closure}()
#36 /Applications/XAMPP/xamppfiles/htdocs/akaunting-master5/vendor/laravel/framework/src/Illuminate/Container/BoundMethod.php(93): Illuminate\\Container\\Util::unwrapIfClosure(Object(Closure))
#37 /Applications/XAMPP/xamppfiles/htdocs/akaunting-master5/vendor/laravel/framework/src/Illuminate/Container/BoundMethod.php(37): Illuminate\\Container\\BoundMethod::callBoundMethod(Object(Illuminate\\Foundation\\Application), Array, Object(Closure))
#38 /Applications/XAMPP/xamppfiles/htdocs/akaunting-master5/vendor/laravel/framework/src/Illuminate/Container/Container.php(651): Illuminate\\Container\\BoundMethod::call(Object(Illuminate\\Foundation\\Application), Array, Array, NULL)
#39 /Applications/XAMPP/xamppfiles/htdocs/akaunting-master5/vendor/laravel/framework/src/Illuminate/Console/Command.php(136): Illuminate\\Container\\Container->call(Array)
#40 /Applications/XAMPP/xamppfiles/htdocs/akaunting-master5/vendor/symfony/console/Command/Command.php(299): Illuminate\\Console\\Command->execute(Object(Symfony\\Component\\Console\\Input\\ArgvInput), Object(Illuminate\\Console\\OutputStyle))
#41 /Applications/XAMPP/xamppfiles/htdocs/akaunting-master5/vendor/laravel/framework/src/Illuminate/Console/Command.php(121): Symfony\\Component\\Console\\Command\\Command->run(Object(Symfony\\Component\\Console\\Input\\ArgvInput), Object(Illuminate\\Console\\OutputStyle))
#42 /Applications/XAMPP/xamppfiles/htdocs/akaunting-master5/vendor/symfony/console/Application.php(978): Illuminate\\Console\\Command->run(Object(Symfony\\Component\\Console\\Input\\ArgvInput), Object(Symfony\\Component\\Console\\Output\\ConsoleOutput))
#43 /Applications/XAMPP/xamppfiles/htdocs/akaunting-master5/vendor/symfony/console/Application.php(295): Symfony\\Component\\Console\\Application->doRunCommand(Object(App\\Console\\Commands\\CompanySeed), Object(Symfony\\Component\\Console\\Input\\ArgvInput), Object(Symfony\\Component\\Console\\Output\\ConsoleOutput))
#44 /Applications/XAMPP/xamppfiles/htdocs/akaunting-master5/vendor/symfony/console/Application.php(167): Symfony\\Component\\Console\\Application->doRun(Object(Symfony\\Component\\Console\\Input\\ArgvInput), Object(Symfony\\Component\\Console\\Output\\ConsoleOutput))
#45 /Applications/XAMPP/xamppfiles/htdocs/akaunting-master5/vendor/laravel/framework/src/Illuminate/Console/Application.php(92): Symfony\\Component\\Console\\Application->run(Object(Symfony\\Component\\Console\\Input\\ArgvInput), Object(Symfony\\Component\\Console\\Output\\ConsoleOutput))
#46 /Applications/XAMPP/xamppfiles/htdocs/akaunting-master5/vendor/laravel/framework/src/Illuminate/Foundation/Console/Kernel.php(129): Illuminate\\Console\\Application->run(Object(Symfony\\Component\\Console\\Input\\ArgvInput), Object(Symfony\\Component\\Console\\Output\\ConsoleOutput))
#47 /Applications/XAMPP/xamppfiles/htdocs/akaunting-master5/artisan(22): Illuminate\\Foundation\\Console\\Kernel->handle(Object(Symfony\\Component\\Console\\Input\\ArgvInput), Object(Symfony\\Component\\Console\\Output\\ConsoleOutput))
#48 {main}

[previous exception] [object] (PDOException(code: 2002): SQLSTATE[HY000] [2002] No such file or directory at /Applications/XAMPP/xamppfiles/htdocs/akaunting-master5/vendor/laravel/framework/src/Illuminate/Database/Connectors/Connector.php:70)
[stacktrace]
#0 /Applications/XAMPP/xamppfiles/htdocs/akaunting-master5/vendor/laravel/framework/src/Illuminate/Database/Connectors/Connector.php(70): PDO->__construct('mysql:host=loca...', 'root', '', Array)
#1 /Applications/XAMPP/xamppfiles/htdocs/akaunting-master5/vendor/laravel/framework/src/Illuminate/Database/Connectors/Connector.php(46): Illuminate\\Database\\Connectors\\Connector->createPdoConnection('mysql:host=loca...', 'root', '', Array)
#2 /Applications/XAMPP/xamppfiles/htdocs/akaunting-master5/vendor/laravel/framework/src/Illuminate/Database/Connectors/MySqlConnector.php(24): Illuminate\\Database\\Connectors\\Connector->createConnection('mysql:host=loca...', Array, Array)
#3 /Applications/XAMPP/xamppfiles/htdocs/akaunting-master5/vendor/laravel/framework/src/Illuminate/Database/Connectors/ConnectionFactory.php(184): Illuminate\\Database\\Connectors\\MySqlConnector->connect(Array)
#4 [internal function]: Illuminate\\Database\\Connectors\\ConnectionFactory->Illuminate\\Database\\Connectors\\{closure}()
#5 /Applications/XAMPP/xamppfiles/htdocs/akaunting-master5/vendor/laravel/framework/src/Illuminate/Database/Connection.php(997): call_user_func(Object(Closure))
#6 /Applications/XAMPP/xamppfiles/htdocs/akaunting-master5/vendor/laravel/framework/src/Illuminate/Database/Connection.php(479): Illuminate\\Database\\Connection->getPdo()
#7 /Applications/XAMPP/xamppfiles/htdocs/akaunting-master5/vendor/laravel/framework/src/Illuminate/Database/Connection.php(685): Illuminate\\Database\\Connection->Illuminate\\Database\\{closure}('insert into `dk...', Array)
#8 /Applications/XAMPP/xamppfiles/htdocs/akaunting-master5/vendor/laravel/framework/src/Illuminate/Database/Connection.php(652): Illuminate\\Database\\Connection->runQueryCallback('insert into `dk...', Array, Object(Closure))
#9 /Applications/XAMPP/xamppfiles/htdocs/akaunting-master5/vendor/laravel/framework/src/Illuminate/Database/Connection.php(486): Illuminate\\Database\\Connection->run('insert into `dk...', Array, Object(Closure))
#10 /Applications/XAMPP/xamppfiles/htdocs/akaunting-master5/vendor/laravel/framework/src/Illuminate/Database/Connection.php(438): Illuminate\\Database\\Connection->statement('insert into `dk...', Array)
#11 /Applications/XAMPP/xamppfiles/htdocs/akaunting-master5/vendor/laravel/framework/src/Illuminate/Database/Query/Processors/Processor.php(32): Illuminate\\Database\\Connection->insert('insert into `dk...', Array)
#12 /Applications/XAMPP/xamppfiles/htdocs/akaunting-master5/vendor/laravel/framework/src/Illuminate/Database/Query/Builder.php(2964): Illuminate\\Database\\Query\\Processors\\Processor->processInsertGetId(Object(Illuminate\\Database\\Query\\Builder), 'insert into `dk...', Array, 'id')
#13 /Applications/XAMPP/xamppfiles/htdocs/akaunting-master5/vendor/laravel/framework/src/Illuminate/Database/Eloquent/Builder.php(1617): Illuminate\\Database\\Query\\Builder->insertGetId(Array, 'id')
#14 /Applications/XAMPP/xamppfiles/htdocs/akaunting-master5/vendor/genealabs/laravel-model-caching/src/Traits/Caching.php(22): Illuminate\\Database\\Eloquent\\Builder->__call('insertGetId', Array)
#15 /Applications/XAMPP/xamppfiles/htdocs/akaunting-master5/vendor/laravel/framework/src/Illuminate/Database/Eloquent/Model.php(1123): GeneaLabs\\LaravelModelCaching\\CachedBuilder->__call('insertGetId', Array)
#16 /Applications/XAMPP/xamppfiles/htdocs/akaunting-master5/vendor/laravel/framework/src/Illuminate/Database/Eloquent/Model.php(1088): Illuminate\\Database\\Eloquent\\Model->insertAndSetId(Object(GeneaLabs\\LaravelModelCaching\\CachedBuilder), Array)
#17 /Applications/XAMPP/xamppfiles/htdocs/akaunting-master5/vendor/laravel/framework/src/Illuminate/Database/Eloquent/Model.php(929): Illuminate\\Database\\Eloquent\\Model->performInsert(Object(GeneaLabs\\LaravelModelCaching\\CachedBuilder))
#18 /Applications/XAMPP/xamppfiles/htdocs/akaunting-master5/vendor/laravel/framework/src/Illuminate/Database/Eloquent/Builder.php(871): Illuminate\\Database\\Eloquent\\Model->save()
#19 /Applications/XAMPP/xamppfiles/htdocs/akaunting-master5/vendor/laravel/framework/src/Illuminate/Support/helpers.php(263): Illuminate\\Database\\Eloquent\\Builder->Illuminate\\Database\\Eloquent\\{closure}(Object(App\\Models\\Banking\\Account))
#20 /Applications/XAMPP/xamppfiles/htdocs/akaunting-master5/vendor/laravel/framework/src/Illuminate/Database/Eloquent/Builder.php(872): tap(Object(App\\Models\\Banking\\Account), Object(Closure))
#21 /Applications/XAMPP/xamppfiles/htdocs/akaunting-master5/vendor/laravel/framework/src/Illuminate/Support/Traits/ForwardsCalls.php(23): Illuminate\\Database\\Eloquent\\Builder->create(Array)
#22 /Applications/XAMPP/xamppfiles/htdocs/akaunting-master5/vendor/laravel/framework/src/Illuminate/Database/Eloquent/Model.php(1996): Illuminate\\Database\\Eloquent\\Model->forwardCallTo(Object(GeneaLabs\\LaravelModelCaching\\CachedBuilder), 'create', Array)
#23 /Applications/XAMPP/xamppfiles/htdocs/akaunting-master5/vendor/genealabs/laravel-model-caching/src/Traits/Caching.php(22): Illuminate\\Database\\Eloquent\\Model->__call('create', Array)
#24 /Applications/XAMPP/xamppfiles/htdocs/akaunting-master5/vendor/laravel/framework/src/Illuminate/Database/Eloquent/Model.php(2008): App\\Abstracts\\Model->__call('create', Array)
#25 /Applications/XAMPP/xamppfiles/htdocs/akaunting-master5/database/seeds/Accounts.php(35): Illuminate\\Database\\Eloquent\\Model::__callStatic('create', Array)
#26 /Applications/XAMPP/xamppfiles/htdocs/akaunting-master5/database/seeds/Accounts.php(20): Database\\Seeds\\Accounts->create()
#27 /Applications/XAMPP/xamppfiles/htdocs/akaunting-master5/vendor/laravel/framework/src/Illuminate/Container/BoundMethod.php(36): Database\\Seeds\\Accounts->run()
#28 /Applications/XAMPP/xamppfiles/htdocs/akaunting-master5/vendor/laravel/framework/src/Illuminate/Container/Util.php(40): Illuminate\\Container\\BoundMethod::Illuminate\\Container\\{closure}()
#29 /Applications/XAMPP/xamppfiles/htdocs/akaunting-master5/vendor/laravel/framework/src/Illuminate/Container/BoundMethod.php(93): Illuminate\\Container\\Util::unwrapIfClosure(Object(Closure))
#30 /Applications/XAMPP/xamppfiles/htdocs/akaunting-master5/vendor/laravel/framework/src/Illuminate/Container/BoundMethod.php(37): Illuminate\\Container\\BoundMethod::callBoundMethod(Object(Illuminate\\Foundation\\Application), Array, Object(Closure))
#31 /Applications/XAMPP/xamppfiles/htdocs/akaunting-master5/vendor/laravel/framework/src/Illuminate/Container/Container.php(651): Illuminate\\Container\\BoundMethod::call(Object(Illuminate\\Foundation\\Application), Array, Array, NULL)
#32 /Applications/XAMPP/xamppfiles/htdocs/akaunting-master5/vendor/laravel/framework/src/Illuminate/Database/Seeder.php(149): Illuminate\\Container\\Container->call(Array, Array)
#33 /Applications/XAMPP/xamppfiles/htdocs/akaunting-master5/vendor/laravel/framework/src/Illuminate/Database/Seeder.php(49): Illuminate\\Database\\Seeder->__invoke(Array)
#34 /Applications/XAMPP/xamppfiles/htdocs/akaunting-master5/database/seeds/Company.php(16): Illuminate\\Database\\Seeder->call('Database\\\\Seeds\\\\...')
#35 /Applications/XAMPP/xamppfiles/htdocs/akaunting-master5/vendor/laravel/framework/src/Illuminate/Container/BoundMethod.php(36): Database\\Seeds\\Company->run()
#36 /Applications/XAMPP/xamppfiles/htdocs/akaunting-master5/vendor/laravel/framework/src/Illuminate/Container/Util.php(40): Illuminate\\Container\\BoundMethod::Illuminate\\Container\\{closure}()
#37 /Applications/XAMPP/xamppfiles/htdocs/akaunting-master5/vendor/laravel/framework/src/Illuminate/Container/BoundMethod.php(93): Illuminate\\Container\\Util::unwrapIfClosure(Object(Closure))
#38 /Applications/XAMPP/xamppfiles/htdocs/akaunting-master5/vendor/laravel/framework/src/Illuminate/Container/BoundMethod.php(37): Illuminate\\Container\\BoundMethod::callBoundMethod(Object(Illuminate\\Foundation\\Application), Array, Object(Closure))
#39 /Applications/XAMPP/xamppfiles/htdocs/akaunting-master5/vendor/laravel/framework/src/Illuminate/Container/Container.php(651): Illuminate\\Container\\BoundMethod::call(Object(Illuminate\\Foundation\\Application), Array, Array, NULL)
#40 /Applications/XAMPP/xamppfiles/htdocs/akaunting-master5/vendor/laravel/framework/src/Illuminate/Database/Seeder.php(149): Illuminate\\Container\\Container->call(Array, Array)
#41 /Applications/XAMPP/xamppfiles/htdocs/akaunting-master5/app/Console/Commands/CompanySeed.php(36): Illuminate\\Database\\Seeder->__invoke()
#42 /Applications/XAMPP/xamppfiles/htdocs/akaunting-master5/vendor/laravel/framework/src/Illuminate/Container/BoundMethod.php(36): App\\Console\\Commands\\CompanySeed->handle()
#43 /Applications/XAMPP/xamppfiles/htdocs/akaunting-master5/vendor/laravel/framework/src/Illuminate/Container/Util.php(40): Illuminate\\Container\\BoundMethod::Illuminate\\Container\\{closure}()
#44 /Applications/XAMPP/xamppfiles/htdocs/akaunting-master5/vendor/laravel/framework/src/Illuminate/Container/BoundMethod.php(93): Illuminate\\Container\\Util::unwrapIfClosure(Object(Closure))
#45 /Applications/XAMPP/xamppfiles/htdocs/akaunting-master5/vendor/laravel/framework/src/Illuminate/Container/BoundMethod.php(37): Illuminate\\Container\\BoundMethod::callBoundMethod(Object(Illuminate\\Foundation\\Application), Array, Object(Closure))
#46 /Applications/XAMPP/xamppfiles/htdocs/akaunting-master5/vendor/laravel/framework/src/Illuminate/Container/Container.php(651): Illuminate\\Container\\BoundMethod::call(Object(Illuminate\\Foundation\\Application), Array, Array, NULL)
#47 /Applications/XAMPP/xamppfiles/htdocs/akaunting-master5/vendor/laravel/framework/src/Illuminate/Console/Command.php(136): Illuminate\\Container\\Container->call(Array)
#48 /Applications/XAMPP/xamppfiles/htdocs/akaunting-master5/vendor/symfony/console/Command/Command.php(299): Illuminate\\Console\\Command->execute(Object(Symfony\\Component\\Console\\Input\\ArgvInput), Object(Illuminate\\Console\\OutputStyle))
#49 /Applications/XAMPP/xamppfiles/htdocs/akaunting-master5/vendor/laravel/framework/src/Illuminate/Console/Command.php(121): Symfony\\Component\\Console\\Command\\Command->run(Object(Symfony\\Component\\Console\\Input\\ArgvInput), Object(Illuminate\\Console\\OutputStyle))
#50 /Applications/XAMPP/xamppfiles/htdocs/akaunting-master5/vendor/symfony/console/Application.php(978): Illuminate\\Console\\Command->run(Object(Symfony\\Component\\Console\\Input\\ArgvInput), Object(Symfony\\Component\\Console\\Output\\ConsoleOutput))
#51 /Applications/XAMPP/xamppfiles/htdocs/akaunting-master5/vendor/symfony/console/Application.php(295): Symfony\\Component\\Console\\Application->doRunCommand(Object(App\\Console\\Commands\\CompanySeed), Object(Symfony\\Component\\Console\\Input\\ArgvInput), Object(Symfony\\Component\\Console\\Output\\ConsoleOutput))
#52 /Applications/XAMPP/xamppfiles/htdocs/akaunting-master5/vendor/symfony/console/Application.php(167): Symfony\\Component\\Console\\Application->doRun(Object(Symfony\\Component\\Console\\Input\\ArgvInput), Object(Symfony\\Component\\Console\\Output\\ConsoleOutput))
#53 /Applications/XAMPP/xamppfiles/htdocs/akaunting-master5/vendor/laravel/framework/src/Illuminate/Console/Application.php(92): Symfony\\Component\\Console\\Application->run(Object(Symfony\\Component\\Console\\Input\\ArgvInput), Object(Symfony\\Component\\Console\\Output\\ConsoleOutput))
#54 /Applications/XAMPP/xamppfiles/htdocs/akaunting-master5/vendor/laravel/framework/src/Illuminate/Foundation/Console/Kernel.php(129): Illuminate\\Console\\Application->run(Object(Symfony\\Component\\Console\\Input\\ArgvInput), Object(Symfony\\Component\\Console\\Output\\ConsoleOutput))
#55 /Applications/XAMPP/xamppfiles/htdocs/akaunting-master5/artisan(22): Illuminate\\Foundation\\Console\\Kernel->handle(Object(Symfony\\Component\\Console\\Input\\ArgvInput), Object(Symfony\\Component\\Console\\Output\\ConsoleOutput))
#56 {main}
"} 
[2021-08-16 09:08:16] production.ERROR: SQLSTATE[HY000] [2002] No such file or directory (SQL: select * from `dka_users` where `dka_users`.`deleted_at` is null limit 1) {"exception":"[object] (Illuminate\\Database\\QueryException(code: 2002): SQLSTATE[HY000] [2002] No such file or directory (SQL: select * from `dka_users` where `dka_users`.`deleted_at` is null limit 1) at /Applications/XAMPP/xamppfiles/htdocs/akaunting-master5/vendor/laravel/framework/src/Illuminate/Database/Connection.php:692)
[stacktrace]
#0 /Applications/XAMPP/xamppfiles/htdocs/akaunting-master5/vendor/laravel/framework/src/Illuminate/Database/Connection.php(652): Illuminate\\Database\\Connection->runQueryCallback('select * from `...', Array, Object(Closure))
#1 /Applications/XAMPP/xamppfiles/htdocs/akaunting-master5/vendor/laravel/framework/src/Illuminate/Database/Connection.php(360): Illuminate\\Database\\Connection->run('select * from `...', Array, Object(Closure))
#2 /Applications/XAMPP/xamppfiles/htdocs/akaunting-master5/vendor/laravel/framework/src/Illuminate/Database/Query/Builder.php(2350): Illuminate\\Database\\Connection->select('select * from `...', Array, true)
#3 /Applications/XAMPP/xamppfiles/htdocs/akaunting-master5/vendor/laravel/framework/src/Illuminate/Database/Query/Builder.php(2338): Illuminate\\Database\\Query\\Builder->runSelect()
#4 /Applications/XAMPP/xamppfiles/htdocs/akaunting-master5/vendor/laravel/framework/src/Illuminate/Database/Query/Builder.php(2872): Illuminate\\Database\\Query\\Builder->Illuminate\\Database\\Query\\{closure}()
#5 /Applications/XAMPP/xamppfiles/htdocs/akaunting-master5/vendor/laravel/framework/src/Illuminate/Database/Query/Builder.php(2339): Illuminate\\Database\\Query\\Builder->onceWithColumns(Array, Object(Closure))
#6 /Applications/XAMPP/xamppfiles/htdocs/akaunting-master5/vendor/laravel/framework/src/Illuminate/Database/Eloquent/Builder.php(602): Illuminate\\Database\\Query\\Builder->get(Array)
#7 /Applications/XAMPP/xamppfiles/htdocs/akaunting-master5/vendor/laravel/framework/src/Illuminate/Database/Eloquent/Builder.php(586): Illuminate\\Database\\Eloquent\\Builder->getModels(Array)
#8 /Applications/XAMPP/xamppfiles/htdocs/akaunting-master5/vendor/laravel/framework/src/Illuminate/Database/Concerns/BuildsQueries.php(259): Illuminate\\Database\\Eloquent\\Builder->get(Array)
#9 /Applications/XAMPP/xamppfiles/htdocs/akaunting-master5/vendor/laravel/framework/src/Illuminate/Support/Traits/ForwardsCalls.php(23): Illuminate\\Database\\Eloquent\\Builder->first()
#10 /Applications/XAMPP/xamppfiles/htdocs/akaunting-master5/vendor/laravel/framework/src/Illuminate/Database/Eloquent/Model.php(1996): Illuminate\\Database\\Eloquent\\Model->forwardCallTo(Object(Illuminate\\Database\\Eloquent\\Builder), 'first', Array)
#11 /Applications/XAMPP/xamppfiles/htdocs/akaunting-master5/vendor/santigarcor/laratrust/src/Traits/LaratrustUserTrait.php(695): Illuminate\\Database\\Eloquent\\Model->__call('first', Array)
#12 /Applications/XAMPP/xamppfiles/htdocs/akaunting-master5/vendor/laravel/framework/src/Illuminate/Database/Eloquent/Model.php(2008): App\\Models\\Auth\\User->__call('first', Array)
#13 /Applications/XAMPP/xamppfiles/htdocs/akaunting-master5/app/Abstracts/Factory.php(31): Illuminate\\Database\\Eloquent\\Model::__callStatic('first', Array)
#14 /Applications/XAMPP/xamppfiles/htdocs/akaunting-master5/vendor/laravel/framework/src/Illuminate/Database/Eloquent/Factories/Factory.php(152): App\\Abstracts\\Factory->__construct()
#15 /Applications/XAMPP/xamppfiles/htdocs/akaunting-master5/app/Models/Common/Contact.php(198): Illuminate\\Database\\Eloquent\\Factories\\Factory::new()
#16 /Applications/XAMPP/xamppfiles/htdocs/akaunting-master5/vendor/laravel/framework/src/Illuminate/Database/Eloquent/Factories/HasFactory.php(15): App\\Models\\Common\\Contact::newFactory()
#17 /Applications/XAMPP/xamppfiles/htdocs/akaunting-master5/database/seeds/SampleData.php(37): App\\Models\\Common\\Contact::factory()
#18 /Applications/XAMPP/xamppfiles/htdocs/akaunting-master5/vendor/laravel/framework/src/Illuminate/Container/BoundMethod.php(36): Database\\Seeds\\SampleData->run()
#19 /Applications/XAMPP/xamppfiles/htdocs/akaunting-master5/vendor/laravel/framework/src/Illuminate/Container/Util.php(40): Illuminate\\Container\\BoundMethod::Illuminate\\Container\\{closure}()
#20 /Applications/XAMPP/xamppfiles/htdocs/akaunting-master5/vendor/laravel/framework/src/Illuminate/Container/BoundMethod.php(93): Illuminate\\Container\\Util::unwrapIfClosure(Object(Closure))
#21 /Applications/XAMPP/xamppfiles/htdocs/akaunting-master5/vendor/laravel/framework/src/Illuminate/Container/BoundMethod.php(37): Illuminate\\Container\\BoundMethod::callBoundMethod(Object(Illuminate\\Foundation\\Application), Array, Object(Closure))
#22 /Applications/XAMPP/xamppfiles/htdocs/akaunting-master5/vendor/laravel/framework/src/Illuminate/Container/Container.php(651): Illuminate\\Container\\BoundMethod::call(Object(Illuminate\\Foundation\\Application), Array, Array, NULL)
#23 /Applications/XAMPP/xamppfiles/htdocs/akaunting-master5/vendor/laravel/framework/src/Illuminate/Database/Seeder.php(149): Illuminate\\Container\\Container->call(Array, Array)
#24 /Applications/XAMPP/xamppfiles/htdocs/akaunting-master5/app/Console/Commands/SampleData.php(35): Illuminate\\Database\\Seeder->__invoke()
#25 /Applications/XAMPP/xamppfiles/htdocs/akaunting-master5/vendor/laravel/framework/src/Illuminate/Container/BoundMethod.php(36): App\\Console\\Commands\\SampleData->handle()
#26 /Applications/XAMPP/xamppfiles/htdocs/akaunting-master5/vendor/laravel/framework/src/Illuminate/Container/Util.php(40): Illuminate\\Container\\BoundMethod::Illuminate\\Container\\{closure}()
#27 /Applications/XAMPP/xamppfiles/htdocs/akaunting-master5/vendor/laravel/framework/src/Illuminate/Container/BoundMethod.php(93): Illuminate\\Container\\Util::unwrapIfClosure(Object(Closure))
#28 /Applications/XAMPP/xamppfiles/htdocs/akaunting-master5/vendor/laravel/framework/src/Illuminate/Container/BoundMethod.php(37): Illuminate\\Container\\BoundMethod::callBoundMethod(Object(Illuminate\\Foundation\\Application), Array, Object(Closure))
#29 /Applications/XAMPP/xamppfiles/htdocs/akaunting-master5/vendor/laravel/framework/src/Illuminate/Container/Container.php(651): Illuminate\\Container\\BoundMethod::call(Object(Illuminate\\Foundation\\Application), Array, Array, NULL)
#30 /Applications/XAMPP/xamppfiles/htdocs/akaunting-master5/vendor/laravel/framework/src/Illuminate/Console/Command.php(136): Illuminate\\Container\\Container->call(Array)
#31 /Applications/XAMPP/xamppfiles/htdocs/akaunting-master5/vendor/symfony/console/Command/Command.php(299): Illuminate\\Console\\Command->execute(Object(Symfony\\Component\\Console\\Input\\ArgvInput), Object(Illuminate\\Console\\OutputStyle))
#32 /Applications/XAMPP/xamppfiles/htdocs/akaunting-master5/vendor/laravel/framework/src/Illuminate/Console/Command.php(121): Symfony\\Component\\Console\\Command\\Command->run(Object(Symfony\\Component\\Console\\Input\\ArgvInput), Object(Illuminate\\Console\\OutputStyle))
#33 /Applications/XAMPP/xamppfiles/htdocs/akaunting-master5/vendor/symfony/console/Application.php(978): Illuminate\\Console\\Command->run(Object(Symfony\\Component\\Console\\Input\\ArgvInput), Object(Symfony\\Component\\Console\\Output\\ConsoleOutput))
#34 /Applications/XAMPP/xamppfiles/htdocs/akaunting-master5/vendor/symfony/console/Application.php(295): Symfony\\Component\\Console\\Application->doRunCommand(Object(App\\Console\\Commands\\SampleData), Object(Symfony\\Component\\Console\\Input\\ArgvInput), Object(Symfony\\Component\\Console\\Output\\ConsoleOutput))
#35 /Applications/XAMPP/xamppfiles/htdocs/akaunting-master5/vendor/symfony/console/Application.php(167): Symfony\\Component\\Console\\Application->doRun(Object(Symfony\\Component\\Console\\Input\\ArgvInput), Object(Symfony\\Component\\Console\\Output\\ConsoleOutput))
#36 /Applications/XAMPP/xamppfiles/htdocs/akaunting-master5/vendor/laravel/framework/src/Illuminate/Console/Application.php(92): Symfony\\Component\\Console\\Application->run(Object(Symfony\\Component\\Console\\Input\\ArgvInput), Object(Symfony\\Component\\Console\\Output\\ConsoleOutput))
#37 /Applications/XAMPP/xamppfiles/htdocs/akaunting-master5/vendor/laravel/framework/src/Illuminate/Foundation/Console/Kernel.php(129): Illuminate\\Console\\Application->run(Object(Symfony\\Component\\Console\\Input\\ArgvInput), Object(Symfony\\Component\\Console\\Output\\ConsoleOutput))
#38 /Applications/XAMPP/xamppfiles/htdocs/akaunting-master5/artisan(22): Illuminate\\Foundation\\Console\\Kernel->handle(Object(Symfony\\Component\\Console\\Input\\ArgvInput), Object(Symfony\\Component\\Console\\Output\\ConsoleOutput))
#39 {main}

[previous exception] [object] (PDOException(code: 2002): SQLSTATE[HY000] [2002] No such file or directory at /Applications/XAMPP/xamppfiles/htdocs/akaunting-master5/vendor/laravel/framework/src/Illuminate/Database/Connectors/Connector.php:70)
[stacktrace]
#0 /Applications/XAMPP/xamppfiles/htdocs/akaunting-master5/vendor/laravel/framework/src/Illuminate/Database/Connectors/Connector.php(70): PDO->__construct('mysql:host=loca...', 'root', '', Array)
#1 /Applications/XAMPP/xamppfiles/htdocs/akaunting-master5/vendor/laravel/framework/src/Illuminate/Database/Connectors/Connector.php(46): Illuminate\\Database\\Connectors\\Connector->createPdoConnection('mysql:host=loca...', 'root', '', Array)
#2 /Applications/XAMPP/xamppfiles/htdocs/akaunting-master5/vendor/laravel/framework/src/Illuminate/Database/Connectors/MySqlConnector.php(24): Illuminate\\Database\\Connectors\\Connector->createConnection('mysql:host=loca...', Array, Array)
#3 /Applications/XAMPP/xamppfiles/htdocs/akaunting-master5/vendor/laravel/framework/src/Illuminate/Database/Connectors/ConnectionFactory.php(184): Illuminate\\Database\\Connectors\\MySqlConnector->connect(Array)
#4 [internal function]: Illuminate\\Database\\Connectors\\ConnectionFactory->Illuminate\\Database\\Connectors\\{closure}()
#5 /Applications/XAMPP/xamppfiles/htdocs/akaunting-master5/vendor/laravel/framework/src/Illuminate/Database/Connection.php(1030): call_user_func(Object(Closure))
#6 /Applications/XAMPP/xamppfiles/htdocs/akaunting-master5/vendor/laravel/framework/src/Illuminate/Database/Connection.php(426): Illuminate\\Database\\Connection->getReadPdo()
#7 /Applications/XAMPP/xamppfiles/htdocs/akaunting-master5/vendor/laravel/framework/src/Illuminate/Database/Connection.php(352): Illuminate\\Database\\Connection->getPdoForSelect(true)
#8 /Applications/XAMPP/xamppfiles/htdocs/akaunting-master5/vendor/laravel/framework/src/Illuminate/Database/Connection.php(685): Illuminate\\Database\\Connection->Illuminate\\Database\\{closure}('select * from `...', Array)
#9 /Applications/XAMPP/xamppfiles/htdocs/akaunting-master5/vendor/laravel/framework/src/Illuminate/Database/Connection.php(652): Illuminate\\Database\\Connection->runQueryCallback('select * from `...', Array, Object(Closure))
#10 /Applications/XAMPP/xamppfiles/htdocs/akaunting-master5/vendor/laravel/framework/src/Illuminate/Database/Connection.php(360): Illuminate\\Database\\Connection->run('select * from `...', Array, Object(Closure))
#11 /Applications/XAMPP/xamppfiles/htdocs/akaunting-master5/vendor/laravel/framework/src/Illuminate/Database/Query/Builder.php(2350): Illuminate\\Database\\Connection->select('select * from `...', Array, true)
#12 /Applications/XAMPP/xamppfiles/htdocs/akaunting-master5/vendor/laravel/framework/src/Illuminate/Database/Query/Builder.php(2338): Illuminate\\Database\\Query\\Builder->runSelect()
#13 /Applications/XAMPP/xamppfiles/htdocs/akaunting-master5/vendor/laravel/framework/src/Illuminate/Database/Query/Builder.php(2872): Illuminate\\Database\\Query\\Builder->Illuminate\\Database\\Query\\{closure}()
#14 /Applications/XAMPP/xamppfiles/htdocs/akaunting-master5/vendor/laravel/framework/src/Illuminate/Database/Query/Builder.php(2339): Illuminate\\Database\\Query\\Builder->onceWithColumns(Array, Object(Closure))
#15 /Applications/XAMPP/xamppfiles/htdocs/akaunting-master5/vendor/laravel/framework/src/Illuminate/Database/Eloquent/Builder.php(602): Illuminate\\Database\\Query\\Builder->get(Array)
#16 /Applications/XAMPP/xamppfiles/htdocs/akaunting-master5/vendor/laravel/framework/src/Illuminate/Database/Eloquent/Builder.php(586): Illuminate\\Database\\Eloquent\\Builder->getModels(Array)
#17 /Applications/XAMPP/xamppfiles/htdocs/akaunting-master5/vendor/laravel/framework/src/Illuminate/Database/Concerns/BuildsQueries.php(259): Illuminate\\Database\\Eloquent\\Builder->get(Array)
#18 /Applications/XAMPP/xamppfiles/htdocs/akaunting-master5/vendor/laravel/framework/src/Illuminate/Support/Traits/ForwardsCalls.php(23): Illuminate\\Database\\Eloquent\\Builder->first()
#19 /Applications/XAMPP/xamppfiles/htdocs/akaunting-master5/vendor/laravel/framework/src/Illuminate/Database/Eloquent/Model.php(1996): Illuminate\\Database\\Eloquent\\Model->forwardCallTo(Object(Illuminate\\Database\\Eloquent\\Builder), 'first', Array)
#20 /Applications/XAMPP/xamppfiles/htdocs/akaunting-master5/vendor/santigarcor/laratrust/src/Traits/LaratrustUserTrait.php(695): Illuminate\\Database\\Eloquent\\Model->__call('first', Array)
#21 /Applications/XAMPP/xamppfiles/htdocs/akaunting-master5/vendor/laravel/framework/src/Illuminate/Database/Eloquent/Model.php(2008): App\\Models\\Auth\\User->__call('first', Array)
#22 /Applications/XAMPP/xamppfiles/htdocs/akaunting-master5/app/Abstracts/Factory.php(31): Illuminate\\Database\\Eloquent\\Model::__callStatic('first', Array)
#23 /Applications/XAMPP/xamppfiles/htdocs/akaunting-master5/vendor/laravel/framework/src/Illuminate/Database/Eloquent/Factories/Factory.php(152): App\\Abstracts\\Factory->__construct()
#24 /Applications/XAMPP/xamppfiles/htdocs/akaunting-master5/app/Models/Common/Contact.php(198): Illuminate\\Database\\Eloquent\\Factories\\Factory::new()
#25 /Applications/XAMPP/xamppfiles/htdocs/akaunting-master5/vendor/laravel/framework/src/Illuminate/Database/Eloquent/Factories/HasFactory.php(15): App\\Models\\Common\\Contact::newFactory()
#26 /Applications/XAMPP/xamppfiles/htdocs/akaunting-master5/database/seeds/SampleData.php(37): App\\Models\\Common\\Contact::factory()
#27 /Applications/XAMPP/xamppfiles/htdocs/akaunting-master5/vendor/laravel/framework/src/Illuminate/Container/BoundMethod.php(36): Database\\Seeds\\SampleData->run()
#28 /Applications/XAMPP/xamppfiles/htdocs/akaunting-master5/vendor/laravel/framework/src/Illuminate/Container/Util.php(40): Illuminate\\Container\\BoundMethod::Illuminate\\Container\\{closure}()
#29 /Applications/XAMPP/xamppfiles/htdocs/akaunting-master5/vendor/laravel/framework/src/Illuminate/Container/BoundMethod.php(93): Illuminate\\Container\\Util::unwrapIfClosure(Object(Closure))
#30 /Applications/XAMPP/xamppfiles/htdocs/akaunting-master5/vendor/laravel/framework/src/Illuminate/Container/BoundMethod.php(37): Illuminate\\Container\\BoundMethod::callBoundMethod(Object(Illuminate\\Foundation\\Application), Array, Object(Closure))
#31 /Applications/XAMPP/xamppfiles/htdocs/akaunting-master5/vendor/laravel/framework/src/Illuminate/Container/Container.php(651): Illuminate\\Container\\BoundMethod::call(Object(Illuminate\\Foundation\\Application), Array, Array, NULL)
#32 /Applications/XAMPP/xamppfiles/htdocs/akaunting-master5/vendor/laravel/framework/src/Illuminate/Database/Seeder.php(149): Illuminate\\Container\\Container->call(Array, Array)
#33 /Applications/XAMPP/xamppfiles/htdocs/akaunting-master5/app/Console/Commands/SampleData.php(35): Illuminate\\Database\\Seeder->__invoke()
#34 /Applications/XAMPP/xamppfiles/htdocs/akaunting-master5/vendor/laravel/framework/src/Illuminate/Container/BoundMethod.php(36): App\\Console\\Commands\\SampleData->handle()
#35 /Applications/XAMPP/xamppfiles/htdocs/akaunting-master5/vendor/laravel/framework/src/Illuminate/Container/Util.php(40): Illuminate\\Container\\BoundMethod::Illuminate\\Container\\{closure}()
#36 /Applications/XAMPP/xamppfiles/htdocs/akaunting-master5/vendor/laravel/framework/src/Illuminate/Container/BoundMethod.php(93): Illuminate\\Container\\Util::unwrapIfClosure(Object(Closure))
#37 /Applications/XAMPP/xamppfiles/htdocs/akaunting-master5/vendor/laravel/framework/src/Illuminate/Container/BoundMethod.php(37): Illuminate\\Container\\BoundMethod::callBoundMethod(Object(Illuminate\\Foundation\\Application), Array, Object(Closure))
#38 /Applications/XAMPP/xamppfiles/htdocs/akaunting-master5/vendor/laravel/framework/src/Illuminate/Container/Container.php(651): Illuminate\\Container\\BoundMethod::call(Object(Illuminate\\Foundation\\Application), Array, Array, NULL)
#39 /Applications/XAMPP/xamppfiles/htdocs/akaunting-master5/vendor/laravel/framework/src/Illuminate/Console/Command.php(136): Illuminate\\Container\\Container->call(Array)
#40 /Applications/XAMPP/xamppfiles/htdocs/akaunting-master5/vendor/symfony/console/Command/Command.php(299): Illuminate\\Console\\Command->execute(Object(Symfony\\Component\\Console\\Input\\ArgvInput), Object(Illuminate\\Console\\OutputStyle))
#41 /Applications/XAMPP/xamppfiles/htdocs/akaunting-master5/vendor/laravel/framework/src/Illuminate/Console/Command.php(121): Symfony\\Component\\Console\\Command\\Command->run(Object(Symfony\\Component\\Console\\Input\\ArgvInput), Object(Illuminate\\Console\\OutputStyle))
#42 /Applications/XAMPP/xamppfiles/htdocs/akaunting-master5/vendor/symfony/console/Application.php(978): Illuminate\\Console\\Command->run(Object(Symfony\\Component\\Console\\Input\\ArgvInput), Object(Symfony\\Component\\Console\\Output\\ConsoleOutput))
#43 /Applications/XAMPP/xamppfiles/htdocs/akaunting-master5/vendor/symfony/console/Application.php(295): Symfony\\Component\\Console\\Application->doRunCommand(Object(App\\Console\\Commands\\SampleData), Object(Symfony\\Component\\Console\\Input\\ArgvInput), Object(Symfony\\Component\\Console\\Output\\ConsoleOutput))
#44 /Applications/XAMPP/xamppfiles/htdocs/akaunting-master5/vendor/symfony/console/Application.php(167): Symfony\\Component\\Console\\Application->doRun(Object(Symfony\\Component\\Console\\Input\\ArgvInput), Object(Symfony\\Component\\Console\\Output\\ConsoleOutput))
#45 /Applications/XAMPP/xamppfiles/htdocs/akaunting-master5/vendor/laravel/framework/src/Illuminate/Console/Application.php(92): Symfony\\Component\\Console\\Application->run(Object(Symfony\\Component\\Console\\Input\\ArgvInput), Object(Symfony\\Component\\Console\\Output\\ConsoleOutput))
#46 /Applications/XAMPP/xamppfiles/htdocs/akaunting-master5/vendor/laravel/framework/src/Illuminate/Foundation/Console/Kernel.php(129): Illuminate\\Console\\Application->run(Object(Symfony\\Component\\Console\\Input\\ArgvInput), Object(Symfony\\Component\\Console\\Output\\ConsoleOutput))
#47 /Applications/XAMPP/xamppfiles/htdocs/akaunting-master5/artisan(22): Illuminate\\Foundation\\Console\\Kernel->handle(Object(Symfony\\Component\\Console\\Input\\ArgvInput), Object(Symfony\\Component\\Console\\Output\\ConsoleOutput))
#48 {main}
"} 
[2021-08-16 09:10:51] production.ERROR: SQLSTATE[HY000] [2002] No such file or directory (SQL: select * from `dka_users` where `dka_users`.`deleted_at` is null limit 1) {"exception":"[object] (Illuminate\\Database\\QueryException(code: 2002): SQLSTATE[HY000] [2002] No such file or directory (SQL: select * from `dka_users` where `dka_users`.`deleted_at` is null limit 1) at /Applications/XAMPP/xamppfiles/htdocs/akaunting-master5/vendor/laravel/framework/src/Illuminate/Database/Connection.php:692)
[stacktrace]
#0 /Applications/XAMPP/xamppfiles/htdocs/akaunting-master5/vendor/laravel/framework/src/Illuminate/Database/Connection.php(652): Illuminate\\Database\\Connection->runQueryCallback('select * from `...', Array, Object(Closure))
#1 /Applications/XAMPP/xamppfiles/htdocs/akaunting-master5/vendor/laravel/framework/src/Illuminate/Database/Connection.php(360): Illuminate\\Database\\Connection->run('select * from `...', Array, Object(Closure))
#2 /Applications/XAMPP/xamppfiles/htdocs/akaunting-master5/vendor/laravel/framework/src/Illuminate/Database/Query/Builder.php(2350): Illuminate\\Database\\Connection->select('select * from `...', Array, true)
#3 /Applications/XAMPP/xamppfiles/htdocs/akaunting-master5/vendor/laravel/framework/src/Illuminate/Database/Query/Builder.php(2338): Illuminate\\Database\\Query\\Builder->runSelect()
#4 /Applications/XAMPP/xamppfiles/htdocs/akaunting-master5/vendor/laravel/framework/src/Illuminate/Database/Query/Builder.php(2872): Illuminate\\Database\\Query\\Builder->Illuminate\\Database\\Query\\{closure}()
#5 /Applications/XAMPP/xamppfiles/htdocs/akaunting-master5/vendor/laravel/framework/src/Illuminate/Database/Query/Builder.php(2339): Illuminate\\Database\\Query\\Builder->onceWithColumns(Array, Object(Closure))
#6 /Applications/XAMPP/xamppfiles/htdocs/akaunting-master5/vendor/laravel/framework/src/Illuminate/Database/Eloquent/Builder.php(602): Illuminate\\Database\\Query\\Builder->get(Array)
#7 /Applications/XAMPP/xamppfiles/htdocs/akaunting-master5/vendor/laravel/framework/src/Illuminate/Database/Eloquent/Builder.php(586): Illuminate\\Database\\Eloquent\\Builder->getModels(Array)
#8 /Applications/XAMPP/xamppfiles/htdocs/akaunting-master5/vendor/laravel/framework/src/Illuminate/Database/Concerns/BuildsQueries.php(259): Illuminate\\Database\\Eloquent\\Builder->get(Array)
#9 /Applications/XAMPP/xamppfiles/htdocs/akaunting-master5/vendor/laravel/framework/src/Illuminate/Support/Traits/ForwardsCalls.php(23): Illuminate\\Database\\Eloquent\\Builder->first()
#10 /Applications/XAMPP/xamppfiles/htdocs/akaunting-master5/vendor/laravel/framework/src/Illuminate/Database/Eloquent/Model.php(1996): Illuminate\\Database\\Eloquent\\Model->forwardCallTo(Object(Illuminate\\Database\\Eloquent\\Builder), 'first', Array)
#11 /Applications/XAMPP/xamppfiles/htdocs/akaunting-master5/vendor/santigarcor/laratrust/src/Traits/LaratrustUserTrait.php(695): Illuminate\\Database\\Eloquent\\Model->__call('first', Array)
#12 /Applications/XAMPP/xamppfiles/htdocs/akaunting-master5/vendor/laravel/framework/src/Illuminate/Database/Eloquent/Model.php(2008): App\\Models\\Auth\\User->__call('first', Array)
#13 /Applications/XAMPP/xamppfiles/htdocs/akaunting-master5/app/Abstracts/Factory.php(31): Illuminate\\Database\\Eloquent\\Model::__callStatic('first', Array)
#14 /Applications/XAMPP/xamppfiles/htdocs/akaunting-master5/vendor/laravel/framework/src/Illuminate/Database/Eloquent/Factories/Factory.php(152): App\\Abstracts\\Factory->__construct()
#15 /Applications/XAMPP/xamppfiles/htdocs/akaunting-master5/app/Models/Common/Contact.php(198): Illuminate\\Database\\Eloquent\\Factories\\Factory::new()
#16 /Applications/XAMPP/xamppfiles/htdocs/akaunting-master5/vendor/laravel/framework/src/Illuminate/Database/Eloquent/Factories/HasFactory.php(15): App\\Models\\Common\\Contact::newFactory()
#17 /Applications/XAMPP/xamppfiles/htdocs/akaunting-master5/database/seeds/SampleData.php(37): App\\Models\\Common\\Contact::factory()
#18 /Applications/XAMPP/xamppfiles/htdocs/akaunting-master5/vendor/laravel/framework/src/Illuminate/Container/BoundMethod.php(36): Database\\Seeds\\SampleData->run()
#19 /Applications/XAMPP/xamppfiles/htdocs/akaunting-master5/vendor/laravel/framework/src/Illuminate/Container/Util.php(40): Illuminate\\Container\\BoundMethod::Illuminate\\Container\\{closure}()
#20 /Applications/XAMPP/xamppfiles/htdocs/akaunting-master5/vendor/laravel/framework/src/Illuminate/Container/BoundMethod.php(93): Illuminate\\Container\\Util::unwrapIfClosure(Object(Closure))
#21 /Applications/XAMPP/xamppfiles/htdocs/akaunting-master5/vendor/laravel/framework/src/Illuminate/Container/BoundMethod.php(37): Illuminate\\Container\\BoundMethod::callBoundMethod(Object(Illuminate\\Foundation\\Application), Array, Object(Closure))
#22 /Applications/XAMPP/xamppfiles/htdocs/akaunting-master5/vendor/laravel/framework/src/Illuminate/Container/Container.php(651): Illuminate\\Container\\BoundMethod::call(Object(Illuminate\\Foundation\\Application), Array, Array, NULL)
#23 /Applications/XAMPP/xamppfiles/htdocs/akaunting-master5/vendor/laravel/framework/src/Illuminate/Database/Seeder.php(149): Illuminate\\Container\\Container->call(Array, Array)
#24 /Applications/XAMPP/xamppfiles/htdocs/akaunting-master5/app/Console/Commands/SampleData.php(35): Illuminate\\Database\\Seeder->__invoke()
#25 /Applications/XAMPP/xamppfiles/htdocs/akaunting-master5/vendor/laravel/framework/src/Illuminate/Container/BoundMethod.php(36): App\\Console\\Commands\\SampleData->handle()
#26 /Applications/XAMPP/xamppfiles/htdocs/akaunting-master5/vendor/laravel/framework/src/Illuminate/Container/Util.php(40): Illuminate\\Container\\BoundMethod::Illuminate\\Container\\{closure}()
#27 /Applications/XAMPP/xamppfiles/htdocs/akaunting-master5/vendor/laravel/framework/src/Illuminate/Container/BoundMethod.php(93): Illuminate\\Container\\Util::unwrapIfClosure(Object(Closure))
#28 /Applications/XAMPP/xamppfiles/htdocs/akaunting-master5/vendor/laravel/framework/src/Illuminate/Container/BoundMethod.php(37): Illuminate\\Container\\BoundMethod::callBoundMethod(Object(Illuminate\\Foundation\\Application), Array, Object(Closure))
#29 /Applications/XAMPP/xamppfiles/htdocs/akaunting-master5/vendor/laravel/framework/src/Illuminate/Container/Container.php(651): Illuminate\\Container\\BoundMethod::call(Object(Illuminate\\Foundation\\Application), Array, Array, NULL)
#30 /Applications/XAMPP/xamppfiles/htdocs/akaunting-master5/vendor/laravel/framework/src/Illuminate/Console/Command.php(136): Illuminate\\Container\\Container->call(Array)
#31 /Applications/XAMPP/xamppfiles/htdocs/akaunting-master5/vendor/symfony/console/Command/Command.php(299): Illuminate\\Console\\Command->execute(Object(Symfony\\Component\\Console\\Input\\ArgvInput), Object(Illuminate\\Console\\OutputStyle))
#32 /Applications/XAMPP/xamppfiles/htdocs/akaunting-master5/vendor/laravel/framework/src/Illuminate/Console/Command.php(121): Symfony\\Component\\Console\\Command\\Command->run(Object(Symfony\\Component\\Console\\Input\\ArgvInput), Object(Illuminate\\Console\\OutputStyle))
#33 /Applications/XAMPP/xamppfiles/htdocs/akaunting-master5/vendor/symfony/console/Application.php(978): Illuminate\\Console\\Command->run(Object(Symfony\\Component\\Console\\Input\\ArgvInput), Object(Symfony\\Component\\Console\\Output\\ConsoleOutput))
#34 /Applications/XAMPP/xamppfiles/htdocs/akaunting-master5/vendor/symfony/console/Application.php(295): Symfony\\Component\\Console\\Application->doRunCommand(Object(App\\Console\\Commands\\SampleData), Object(Symfony\\Component\\Console\\Input\\ArgvInput), Object(Symfony\\Component\\Console\\Output\\ConsoleOutput))
#35 /Applications/XAMPP/xamppfiles/htdocs/akaunting-master5/vendor/symfony/console/Application.php(167): Symfony\\Component\\Console\\Application->doRun(Object(Symfony\\Component\\Console\\Input\\ArgvInput), Object(Symfony\\Component\\Console\\Output\\ConsoleOutput))
#36 /Applications/XAMPP/xamppfiles/htdocs/akaunting-master5/vendor/laravel/framework/src/Illuminate/Console/Application.php(92): Symfony\\Component\\Console\\Application->run(Object(Symfony\\Component\\Console\\Input\\ArgvInput), Object(Symfony\\Component\\Console\\Output\\ConsoleOutput))
#37 /Applications/XAMPP/xamppfiles/htdocs/akaunting-master5/vendor/laravel/framework/src/Illuminate/Foundation/Console/Kernel.php(129): Illuminate\\Console\\Application->run(Object(Symfony\\Component\\Console\\Input\\ArgvInput), Object(Symfony\\Component\\Console\\Output\\ConsoleOutput))
#38 /Applications/XAMPP/xamppfiles/htdocs/akaunting-master5/artisan(22): Illuminate\\Foundation\\Console\\Kernel->handle(Object(Symfony\\Component\\Console\\Input\\ArgvInput), Object(Symfony\\Component\\Console\\Output\\ConsoleOutput))
#39 {main}

[previous exception] [object] (PDOException(code: 2002): SQLSTATE[HY000] [2002] No such file or directory at /Applications/XAMPP/xamppfiles/htdocs/akaunting-master5/vendor/laravel/framework/src/Illuminate/Database/Connectors/Connector.php:70)
[stacktrace]
#0 /Applications/XAMPP/xamppfiles/htdocs/akaunting-master5/vendor/laravel/framework/src/Illuminate/Database/Connectors/Connector.php(70): PDO->__construct('mysql:host=loca...', 'root', '', Array)
#1 /Applications/XAMPP/xamppfiles/htdocs/akaunting-master5/vendor/laravel/framework/src/Illuminate/Database/Connectors/Connector.php(46): Illuminate\\Database\\Connectors\\Connector->createPdoConnection('mysql:host=loca...', 'root', '', Array)
#2 /Applications/XAMPP/xamppfiles/htdocs/akaunting-master5/vendor/laravel/framework/src/Illuminate/Database/Connectors/MySqlConnector.php(24): Illuminate\\Database\\Connectors\\Connector->createConnection('mysql:host=loca...', Array, Array)
#3 /Applications/XAMPP/xamppfiles/htdocs/akaunting-master5/vendor/laravel/framework/src/Illuminate/Database/Connectors/ConnectionFactory.php(184): Illuminate\\Database\\Connectors\\MySqlConnector->connect(Array)
#4 [internal function]: Illuminate\\Database\\Connectors\\ConnectionFactory->Illuminate\\Database\\Connectors\\{closure}()
#5 /Applications/XAMPP/xamppfiles/htdocs/akaunting-master5/vendor/laravel/framework/src/Illuminate/Database/Connection.php(1030): call_user_func(Object(Closure))
#6 /Applications/XAMPP/xamppfiles/htdocs/akaunting-master5/vendor/laravel/framework/src/Illuminate/Database/Connection.php(426): Illuminate\\Database\\Connection->getReadPdo()
#7 /Applications/XAMPP/xamppfiles/htdocs/akaunting-master5/vendor/laravel/framework/src/Illuminate/Database/Connection.php(352): Illuminate\\Database\\Connection->getPdoForSelect(true)
#8 /Applications/XAMPP/xamppfiles/htdocs/akaunting-master5/vendor/laravel/framework/src/Illuminate/Database/Connection.php(685): Illuminate\\Database\\Connection->Illuminate\\Database\\{closure}('select * from `...', Array)
#9 /Applications/XAMPP/xamppfiles/htdocs/akaunting-master5/vendor/laravel/framework/src/Illuminate/Database/Connection.php(652): Illuminate\\Database\\Connection->runQueryCallback('select * from `...', Array, Object(Closure))
#10 /Applications/XAMPP/xamppfiles/htdocs/akaunting-master5/vendor/laravel/framework/src/Illuminate/Database/Connection.php(360): Illuminate\\Database\\Connection->run('select * from `...', Array, Object(Closure))
#11 /Applications/XAMPP/xamppfiles/htdocs/akaunting-master5/vendor/laravel/framework/src/Illuminate/Database/Query/Builder.php(2350): Illuminate\\Database\\Connection->select('select * from `...', Array, true)
#12 /Applications/XAMPP/xamppfiles/htdocs/akaunting-master5/vendor/laravel/framework/src/Illuminate/Database/Query/Builder.php(2338): Illuminate\\Database\\Query\\Builder->runSelect()
#13 /Applications/XAMPP/xamppfiles/htdocs/akaunting-master5/vendor/laravel/framework/src/Illuminate/Database/Query/Builder.php(2872): Illuminate\\Database\\Query\\Builder->Illuminate\\Database\\Query\\{closure}()
#14 /Applications/XAMPP/xamppfiles/htdocs/akaunting-master5/vendor/laravel/framework/src/Illuminate/Database/Query/Builder.php(2339): Illuminate\\Database\\Query\\Builder->onceWithColumns(Array, Object(Closure))
#15 /Applications/XAMPP/xamppfiles/htdocs/akaunting-master5/vendor/laravel/framework/src/Illuminate/Database/Eloquent/Builder.php(602): Illuminate\\Database\\Query\\Builder->get(Array)
#16 /Applications/XAMPP/xamppfiles/htdocs/akaunting-master5/vendor/laravel/framework/src/Illuminate/Database/Eloquent/Builder.php(586): Illuminate\\Database\\Eloquent\\Builder->getModels(Array)
#17 /Applications/XAMPP/xamppfiles/htdocs/akaunting-master5/vendor/laravel/framework/src/Illuminate/Database/Concerns/BuildsQueries.php(259): Illuminate\\Database\\Eloquent\\Builder->get(Array)
#18 /Applications/XAMPP/xamppfiles/htdocs/akaunting-master5/vendor/laravel/framework/src/Illuminate/Support/Traits/ForwardsCalls.php(23): Illuminate\\Database\\Eloquent\\Builder->first()
#19 /Applications/XAMPP/xamppfiles/htdocs/akaunting-master5/vendor/laravel/framework/src/Illuminate/Database/Eloquent/Model.php(1996): Illuminate\\Database\\Eloquent\\Model->forwardCallTo(Object(Illuminate\\Database\\Eloquent\\Builder), 'first', Array)
#20 /Applications/XAMPP/xamppfiles/htdocs/akaunting-master5/vendor/santigarcor/laratrust/src/Traits/LaratrustUserTrait.php(695): Illuminate\\Database\\Eloquent\\Model->__call('first', Array)
#21 /Applications/XAMPP/xamppfiles/htdocs/akaunting-master5/vendor/laravel/framework/src/Illuminate/Database/Eloquent/Model.php(2008): App\\Models\\Auth\\User->__call('first', Array)
#22 /Applications/XAMPP/xamppfiles/htdocs/akaunting-master5/app/Abstracts/Factory.php(31): Illuminate\\Database\\Eloquent\\Model::__callStatic('first', Array)
#23 /Applications/XAMPP/xamppfiles/htdocs/akaunting-master5/vendor/laravel/framework/src/Illuminate/Database/Eloquent/Factories/Factory.php(152): App\\Abstracts\\Factory->__construct()
#24 /Applications/XAMPP/xamppfiles/htdocs/akaunting-master5/app/Models/Common/Contact.php(198): Illuminate\\Database\\Eloquent\\Factories\\Factory::new()
#25 /Applications/XAMPP/xamppfiles/htdocs/akaunting-master5/vendor/laravel/framework/src/Illuminate/Database/Eloquent/Factories/HasFactory.php(15): App\\Models\\Common\\Contact::newFactory()
#26 /Applications/XAMPP/xamppfiles/htdocs/akaunting-master5/database/seeds/SampleData.php(37): App\\Models\\Common\\Contact::factory()
#27 /Applications/XAMPP/xamppfiles/htdocs/akaunting-master5/vendor/laravel/framework/src/Illuminate/Container/BoundMethod.php(36): Database\\Seeds\\SampleData->run()
#28 /Applications/XAMPP/xamppfiles/htdocs/akaunting-master5/vendor/laravel/framework/src/Illuminate/Container/Util.php(40): Illuminate\\Container\\BoundMethod::Illuminate\\Container\\{closure}()
#29 /Applications/XAMPP/xamppfiles/htdocs/akaunting-master5/vendor/laravel/framework/src/Illuminate/Container/BoundMethod.php(93): Illuminate\\Container\\Util::unwrapIfClosure(Object(Closure))
#30 /Applications/XAMPP/xamppfiles/htdocs/akaunting-master5/vendor/laravel/framework/src/Illuminate/Container/BoundMethod.php(37): Illuminate\\Container\\BoundMethod::callBoundMethod(Object(Illuminate\\Foundation\\Application), Array, Object(Closure))
#31 /Applications/XAMPP/xamppfiles/htdocs/akaunting-master5/vendor/laravel/framework/src/Illuminate/Container/Container.php(651): Illuminate\\Container\\BoundMethod::call(Object(Illuminate\\Foundation\\Application), Array, Array, NULL)
#32 /Applications/XAMPP/xamppfiles/htdocs/akaunting-master5/vendor/laravel/framework/src/Illuminate/Database/Seeder.php(149): Illuminate\\Container\\Container->call(Array, Array)
#33 /Applications/XAMPP/xamppfiles/htdocs/akaunting-master5/app/Console/Commands/SampleData.php(35): Illuminate\\Database\\Seeder->__invoke()
#34 /Applications/XAMPP/xamppfiles/htdocs/akaunting-master5/vendor/laravel/framework/src/Illuminate/Container/BoundMethod.php(36): App\\Console\\Commands\\SampleData->handle()
#35 /Applications/XAMPP/xamppfiles/htdocs/akaunting-master5/vendor/laravel/framework/src/Illuminate/Container/Util.php(40): Illuminate\\Container\\BoundMethod::Illuminate\\Container\\{closure}()
#36 /Applications/XAMPP/xamppfiles/htdocs/akaunting-master5/vendor/laravel/framework/src/Illuminate/Container/BoundMethod.php(93): Illuminate\\Container\\Util::unwrapIfClosure(Object(Closure))
#37 /Applications/XAMPP/xamppfiles/htdocs/akaunting-master5/vendor/laravel/framework/src/Illuminate/Container/BoundMethod.php(37): Illuminate\\Container\\BoundMethod::callBoundMethod(Object(Illuminate\\Foundation\\Application), Array, Object(Closure))
#38 /Applications/XAMPP/xamppfiles/htdocs/akaunting-master5/vendor/laravel/framework/src/Illuminate/Container/Container.php(651): Illuminate\\Container\\BoundMethod::call(Object(Illuminate\\Foundation\\Application), Array, Array, NULL)
#39 /Applications/XAMPP/xamppfiles/htdocs/akaunting-master5/vendor/laravel/framework/src/Illuminate/Console/Command.php(136): Illuminate\\Container\\Container->call(Array)
#40 /Applications/XAMPP/xamppfiles/htdocs/akaunting-master5/vendor/symfony/console/Command/Command.php(299): Illuminate\\Console\\Command->execute(Object(Symfony\\Component\\Console\\Input\\ArgvInput), Object(Illuminate\\Console\\OutputStyle))
#41 /Applications/XAMPP/xamppfiles/htdocs/akaunting-master5/vendor/laravel/framework/src/Illuminate/Console/Command.php(121): Symfony\\Component\\Console\\Command\\Command->run(Object(Symfony\\Component\\Console\\Input\\ArgvInput), Object(Illuminate\\Console\\OutputStyle))
#42 /Applications/XAMPP/xamppfiles/htdocs/akaunting-master5/vendor/symfony/console/Application.php(978): Illuminate\\Console\\Command->run(Object(Symfony\\Component\\Console\\Input\\ArgvInput), Object(Symfony\\Component\\Console\\Output\\ConsoleOutput))
#43 /Applications/XAMPP/xamppfiles/htdocs/akaunting-master5/vendor/symfony/console/Application.php(295): Symfony\\Component\\Console\\Application->doRunCommand(Object(App\\Console\\Commands\\SampleData), Object(Symfony\\Component\\Console\\Input\\ArgvInput), Object(Symfony\\Component\\Console\\Output\\ConsoleOutput))
#44 /Applications/XAMPP/xamppfiles/htdocs/akaunting-master5/vendor/symfony/console/Application.php(167): Symfony\\Component\\Console\\Application->doRun(Object(Symfony\\Component\\Console\\Input\\ArgvInput), Object(Symfony\\Component\\Console\\Output\\ConsoleOutput))
#45 /Applications/XAMPP/xamppfiles/htdocs/akaunting-master5/vendor/laravel/framework/src/Illuminate/Console/Application.php(92): Symfony\\Component\\Console\\Application->run(Object(Symfony\\Component\\Console\\Input\\ArgvInput), Object(Symfony\\Component\\Console\\Output\\ConsoleOutput))
#46 /Applications/XAMPP/xamppfiles/htdocs/akaunting-master5/vendor/laravel/framework/src/Illuminate/Foundation/Console/Kernel.php(129): Illuminate\\Console\\Application->run(Object(Symfony\\Component\\Console\\Input\\ArgvInput), Object(Symfony\\Component\\Console\\Output\\ConsoleOutput))
#47 /Applications/XAMPP/xamppfiles/htdocs/akaunting-master5/artisan(22): Illuminate\\Foundation\\Console\\Kernel->handle(Object(Symfony\\Component\\Console\\Input\\ArgvInput), Object(Symfony\\Component\\Console\\Output\\ConsoleOutput))
#48 {main}
"} 
